<?xml version="1.0" encoding="UTF-8"?>
<testsuite xmlns:xsi="http://www.w3.org/2001/XMLSchema-instance" xsi:noNamespaceSchemaLocation="https://maven.apache.org/surefire/maven-surefire-plugin/xsd/surefire-test-report.xsd" name="com.jenkins.app.AppTest" time="0.261" tests="1" errors="0" skipped="0" failures="0">
  <properties>
    <property name="sun.desktop" value="windows"/>
    <property name="awt.toolkit" value="sun.awt.windows.WToolkit"/>
    <property name="java.specification.version" value="11"/>
    <property name="sun.cpu.isalist" value="amd64"/>
    <property name="sun.jnu.encoding" value="Cp1252"/>
    <property name="java.class.path" value="C:\Users\LaxmiSharma\Documents\Learning\DevOps\Jenkins\my-jenkins-app\target\test-classes;C:\Users\LaxmiSharma\Documents\Learning\DevOps\Jenkins\my-jenkins-app\target\classes;C:\Users\LaxmiSharma\.m2\repository\junit\junit\4.11\junit-4.11.jar;C:\Users\LaxmiSharma\.m2\repository\org\hamcrest\hamcrest-core\1.3\hamcrest-core-1.3.jar;"/>
    <property name="java.vm.vendor" value="Oracle Corporation"/>
    <property name="sun.arch.data.model" value="64"/>
    <property name="user.variant" value=""/>
    <property name="java.vendor.url" value="http://java.oracle.com/"/>
    <property name="user.timezone" value="Asia/Calcutta"/>
    <property name="java.vm.specification.version" value="11"/>
    <property name="os.name" value="Windows 8.1"/>
    <property name="sun.java.launcher" value="SUN_STANDARD"/>
    <property name="user.country" value="US"/>
    <property name="sun.boot.library.path" value="C:\Users\LaxmiSharma\Downloads\jdk-11.0.1_windows-x64_bin\jdk-11.0.1\bin"/>
    <property name="sun.java.command" value="C:\Users\LAXMIS~1\AppData\Local\Temp\surefire14139906592029154397\surefirebooter3344201840099597972.jar C:\Users\LaxmiSharma\AppData\Local\Temp\surefire14139906592029154397 2020-05-22T08-14-18_362-jvmRun1 surefire2854121409889729146tmp surefire_012365202936854845771tmp"/>
    <property name="jdk.debug" value="release"/>
    <property name="surefire.test.class.path" value="C:\Users\LaxmiSharma\Documents\Learning\DevOps\Jenkins\my-jenkins-app\target\test-classes;C:\Users\LaxmiSharma\Documents\Learning\DevOps\Jenkins\my-jenkins-app\target\classes;C:\Users\LaxmiSharma\.m2\repository\junit\junit\4.11\junit-4.11.jar;C:\Users\LaxmiSharma\.m2\repository\org\hamcrest\hamcrest-core\1.3\hamcrest-core-1.3.jar;"/>
    <property name="sun.cpu.endian" value="little"/>
    <property name="user.home" value="C:\Users\LaxmiSharma"/>
    <property name="user.language" value="en"/>
    <property name="java.specification.vendor" value="Oracle Corporation"/>
    <property name="java.version.date" value="2018-10-16"/>
    <property name="java.home" value="C:\Users\LaxmiSharma\Downloads\jdk-11.0.1_windows-x64_bin\jdk-11.0.1"/>
    <property name="file.separator" value="\"/>
    <property name="basedir" value="C:\Users\LaxmiSharma\Documents\Learning\DevOps\Jenkins\my-jenkins-app"/>
    <property name="java.vm.compressedOopsMode" value="32-bit"/>
    <property name="line.separator" value="&#10;"/>
    <property name="java.specification.name" value="Java Platform API Specification"/>
    <property name="java.vm.specification.vendor" value="Oracle Corporation"/>
    <property name="java.awt.graphicsenv" value="sun.awt.Win32GraphicsEnvironment"/>
    <property name="surefire.real.class.path" value="C:\Users\LAXMIS~1\AppData\Local\Temp\surefire14139906592029154397\surefirebooter3344201840099597972.jar"/>
    <property name="user.script" value=""/>
    <property name="sun.management.compiler" value="HotSpot 64-Bit Tiered Compilers"/>
    <property name="java.runtime.version" value="11.0.1+13-LTS"/>
    <property name="user.name" value="LaxmiSharma"/>
    <property name="path.separator" value=";"/>
    <property name="os.version" value="6.3"/>
    <property name="java.runtime.name" value="Java(TM) SE Runtime Environment"/>
    <property name="file.encoding" value="Cp1252"/>
    <property name="java.vm.name" value="Java HotSpot(TM) 64-Bit Server VM"/>
    <property name="java.vendor.version" value="18.9"/>
    <property name="localRepository" value="C:\Users\LaxmiSharma\.m2\repository"/>
    <property name="java.vendor.url.bug" value="http://bugreport.java.com/bugreport/"/>
    <property name="java.io.tmpdir" value="C:\Users\LAXMIS~1\AppData\Local\Temp\"/>
    <property name="java.version" value="11.0.1"/>
    <property name="user.dir" value="C:\Users\LaxmiSharma\Documents\Learning\DevOps\Jenkins\my-jenkins-app"/>
    <property name="os.arch" value="amd64"/>
    <property name="java.vm.specification.name" value="Java Virtual Machine Specification"/>
    <property name="java.awt.printerjob" value="sun.awt.windows.WPrinterJob"/>
    <property name="sun.os.patch.level" value=""/>
    <property name="java.library.path" value="C:\Users\LaxmiSharma\Downloads\jdk-11.0.1_windows-x64_bin\jdk-11.0.1\bin;C:\Windows\Sun\Java\bin;C:\Windows\system32;C:\Windows;C:\Windows\system32;C:\Windows;C:\Windows\System32\Wbem;C:\Windows\System32\WindowsPowerShell\v1.0\;C:\Program Files\Git\cmd;C:\Python\Python37;C:\Program Files\Microsoft VS Code\bin;C:\Program Files\apache-maven-3.6.0\bin;C:\Program Files\nodejs\;C:\Program Files\Java\jdk1.8.0_05\bin;C:\Program Files\Git\usr\bin;C:\Program Files\PuTTY\;C:\Program Files\Notepad++;C:\Users\LaxmiSharma\Downloads\kafka\bin\windows;C:\Python\Python37\Scripts\;C:\Python\Python37\;C:\Program Files\Microsoft VS Code\bin;C:\Users\LaxmiSharma\AppData\Local\atom\bin;C:\Program Files\heroku\bin;C:\Program Files\Java\jdk-11.0.1\bin;C:\Program Files\nodejs\node_modules\npm;%maven home%/bin;C:\Program Files\Notepad++;C:\Users\LaxmiSharma\Downloads\kafka\bin\windows;C:\Users\LaxmiSharma\AppData\Roaming\npm;."/>
    <property name="java.vendor" value="Oracle Corporation"/>
    <property name="java.vm.info" value="mixed mode"/>
    <property name="java.vm.version" value="11.0.1+13-LTS"/>
    <property name="sun.io.unicode.encoding" value="UnicodeLittle"/>
    <property name="java.class.version" value="55.0"/>
  </properties>
  <testcase name="shouldAnswerWithTrue" classname="com.jenkins.app.AppTest" time="0.006"/>
</testsuite>